<?xml version="1.0" encoding="UTF-8"?>
<robot generator="Robot 6.0.2 (Python 3.10.7 on win32)" generated="20230328 01:16:31.620" rpa="false" schemaversion="3">
<suite id="s1" name="Test" source="d:\pythonstuff\Elisa-kuuluvuus-robot-framework-test\elisa-kuuluvuus-robot-framework-test\test.robot">
<test id="s1-t1" name="Check Coverage Page" line="66">
<kw name="open the Browser">
<kw name="Open Browser" library="SeleniumLibrary">
<arg>${URL}</arg>
<arg>${BROWSER}</arg>
<doc>Opens a new browser instance to the optional ``url``.</doc>
<msg timestamp="20230328 01:16:31.757" level="INFO">Opening browser 'Chrome' to base url 'https://elisa.fi/kuuluvuus/'.</msg>
<status status="PASS" starttime="20230328 01:16:31.756" endtime="20230328 01:16:33.438"/>
</kw>
<status status="PASS" starttime="20230328 01:16:31.756" endtime="20230328 01:16:33.438"/>
</kw>
<kw name="search location">
<arg>Ratavartijankatu 5, Helsinki</arg>
<kw name="Input Text" library="SeleniumLibrary">
<arg>${SEARCH_BOX}</arg>
<arg>${address}</arg>
<doc>Types the given ``text`` into the text field identified by ``locator``.</doc>
<msg timestamp="20230328 01:16:33.440" level="INFO">Typing text 'Ratavartijankatu 5, Helsinki' into text field 'id:search-input'.</msg>
<status status="PASS" starttime="20230328 01:16:33.440" endtime="20230328 01:16:33.511"/>
</kw>
<kw name="Press Keys" library="SeleniumLibrary">
<arg>None</arg>
<arg>ENTER</arg>
<doc>Simulates the user pressing key(s) to an element or on the active browser.</doc>
<msg timestamp="20230328 01:16:33.512" level="INFO">Sending key(s) ('ENTER',) to page.</msg>
<msg timestamp="20230328 01:16:33.512" level="INFO">Pressing special key ENTER to browser.</msg>
<msg timestamp="20230328 01:16:33.512" level="INFO">Releasing special key ENTER.</msg>
<status status="PASS" starttime="20230328 01:16:33.511" endtime="20230328 01:16:33.519"/>
</kw>
<kw name="Set Global Variable" library="BuiltIn">
<arg>${ADDRESS}</arg>
<arg>${address}</arg>
<doc>Makes a variable available globally in all tests and suites.</doc>
<msg timestamp="20230328 01:16:33.520" level="INFO">${ADDRESS} = Ratavartijankatu 5, Helsinki</msg>
<status status="PASS" starttime="20230328 01:16:33.519" endtime="20230328 01:16:33.520"/>
</kw>
<status status="PASS" starttime="20230328 01:16:33.439" endtime="20230328 01:16:33.520"/>
</kw>
<kw name="check coverage rating">
<kw name="Wait Until Page Contains Element" library="SeleniumLibrary">
<arg>${TABLE_XPATH}</arg>
<arg>timeout=30s</arg>
<doc>Waits until the element ``locator`` appears on the current page.</doc>
<status status="PASS" starttime="20230328 01:16:33.520" endtime="20230328 01:16:34.010"/>
</kw>
<kw name="Get WebElements" library="SeleniumLibrary">
<var>@{coverages}</var>
<arg>${COVERAGE_CLASS}</arg>
<doc>Returns a list of WebElement objects matching the ``locator``.</doc>
<msg timestamp="20230328 01:16:34.020" level="INFO">@{coverages} = [ &lt;selenium.webdriver.remote.webelement.WebElement (session="ec7bdd3d0df9dd9f085f537b7f4b495b", element="6203560a-908a-463d-a356-7702c78361b4")&gt; | &lt;selenium.webdriver.remote.webelement.WebElement (ses...</msg>
<status status="PASS" starttime="20230328 01:16:34.011" endtime="20230328 01:16:34.020"/>
</kw>
<kw name="Get Length" library="BuiltIn">
<var>${rows}</var>
<arg>${coverages}</arg>
<doc>Returns and logs the length of the given item as an integer.</doc>
<msg timestamp="20230328 01:16:34.020" level="INFO">Length is 5</msg>
<msg timestamp="20230328 01:16:34.021" level="INFO">${rows} = 5</msg>
<status status="PASS" starttime="20230328 01:16:34.020" endtime="20230328 01:16:34.021"/>
</kw>
<kw name="Get Element Count" library="SeleniumLibrary">
<var>${ratings_filled}</var>
<arg>${FILLED_STAR}</arg>
<doc>Returns the number of elements matching ``locator``.</doc>
<msg timestamp="20230328 01:16:34.029" level="INFO">${ratings_filled} = 14</msg>
<status status="PASS" starttime="20230328 01:16:34.021" endtime="20230328 01:16:34.030"/>
</kw>
<kw name="Get Element Count" library="SeleniumLibrary">
<var>${ratings_grey}</var>
<arg>${GREY_STAR}</arg>
<doc>Returns the number of elements matching ``locator``.</doc>
<msg timestamp="20230328 01:16:34.039" level="INFO">${ratings_grey} = 1</msg>
<status status="PASS" starttime="20230328 01:16:34.030" endtime="20230328 01:16:34.040"/>
</kw>
<kw name="Evaluate" library="BuiltIn">
<var>${total}</var>
<arg>${ratings_grey} + ${ratings_filled}</arg>
<doc>Evaluates the given expression in Python and returns the result.</doc>
<msg timestamp="20230328 01:16:34.040" level="INFO">${total} = 15</msg>
<status status="PASS" starttime="20230328 01:16:34.040" endtime="20230328 01:16:34.040"/>
</kw>
<kw name="Evaluate" library="BuiltIn">
<var>${divided_total}</var>
<arg>$total/${rows}</arg>
<doc>Evaluates the given expression in Python and returns the result.</doc>
<msg timestamp="20230328 01:16:34.044" level="INFO">${divided_total} = 3.0</msg>
<status status="PASS" starttime="20230328 01:16:34.041" endtime="20230328 01:16:34.044"/>
</kw>
<if>
<branch type="IF" condition="${divided_total} &lt; 3">
<kw name="Fail" library="BuiltIn">
<arg>msg=Missing star rating</arg>
<doc>Fails the test with the given message and optionally alters its tags.</doc>
<status status="NOT RUN" starttime="20230328 01:16:34.044" endtime="20230328 01:16:34.045"/>
</kw>
<status status="NOT RUN" starttime="20230328 01:16:34.044" endtime="20230328 01:16:34.045"/>
</branch>
<status status="PASS" starttime="20230328 01:16:34.044" endtime="20230328 01:16:34.045"/>
</if>
<for flavor="IN RANGE">
<var>${row}</var>
<value>1</value>
<value>${rows + 1}</value>
<iter>
<var name="${row}">1</var>
<kw name="Set Variable" library="BuiltIn">
<var>${rating}</var>
<arg>0</arg>
<doc>Returns the given values which can then be assigned to a variables.</doc>
<msg timestamp="20230328 01:16:34.046" level="INFO">${rating} = 0</msg>
<status status="PASS" starttime="20230328 01:16:34.046" endtime="20230328 01:16:34.047"/>
</kw>
<for flavor="IN RANGE">
<var>${cell}</var>
<value>2</value>
<value>5</value>
<iter>
<var name="${cell}">2</var>
<kw name="Get Element Attribute" library="SeleniumLibrary">
<var>${cell_class}</var>
<arg>xpath:/html/body/div[2]/div/div/div/div[2]/div[2]/div/div[4]/div/div/div/div[1]/div/div/div/div/ul/li/table/tbody/tr[${row}]/td[${cell}]</arg>
<arg>class</arg>
<doc>Returns the value of ``attribute`` from the element ``locator``.</doc>
<msg timestamp="20230328 01:16:34.067" level="INFO">${cell_class} = ea-icon ea-icon--star-filled staricon_blue</msg>
<status status="PASS" starttime="20230328 01:16:34.047" endtime="20230328 01:16:34.067"/>
</kw>
<if>
<branch type="IF" condition="'${cell_class}' == 'ea-icon ea-icon--star-filled staricon_blue'">
<kw name="Evaluate" library="BuiltIn">
<var>${rating}</var>
<arg>${rating} + 1</arg>
<doc>Evaluates the given expression in Python and returns the result.</doc>
<msg timestamp="20230328 01:16:34.067" level="INFO">${rating} = 1</msg>
<status status="PASS" starttime="20230328 01:16:34.067" endtime="20230328 01:16:34.067"/>
</kw>
<status status="PASS" starttime="20230328 01:16:34.067" endtime="20230328 01:16:34.067"/>
</branch>
<status status="PASS" starttime="20230328 01:16:34.067" endtime="20230328 01:16:34.067"/>
</if>
<status status="PASS" starttime="20230328 01:16:34.047" endtime="20230328 01:16:34.067"/>
</iter>
<iter>
<var name="${cell}">3</var>
<kw name="Get Element Attribute" library="SeleniumLibrary">
<var>${cell_class}</var>
<arg>xpath:/html/body/div[2]/div/div/div/div[2]/div[2]/div/div[4]/div/div/div/div[1]/div/div/div/div/ul/li/table/tbody/tr[${row}]/td[${cell}]</arg>
<arg>class</arg>
<doc>Returns the value of ``attribute`` from the element ``locator``.</doc>
<msg timestamp="20230328 01:16:34.085" level="INFO">${cell_class} = ea-icon ea-icon--star-filled staricon_blue</msg>
<status status="PASS" starttime="20230328 01:16:34.068" endtime="20230328 01:16:34.085"/>
</kw>
<if>
<branch type="IF" condition="'${cell_class}' == 'ea-icon ea-icon--star-filled staricon_blue'">
<kw name="Evaluate" library="BuiltIn">
<var>${rating}</var>
<arg>${rating} + 1</arg>
<doc>Evaluates the given expression in Python and returns the result.</doc>
<msg timestamp="20230328 01:16:34.085" level="INFO">${rating} = 2</msg>
<status status="PASS" starttime="20230328 01:16:34.085" endtime="20230328 01:16:34.085"/>
</kw>
<status status="PASS" starttime="20230328 01:16:34.085" endtime="20230328 01:16:34.086"/>
</branch>
<status status="PASS" starttime="20230328 01:16:34.085" endtime="20230328 01:16:34.086"/>
</if>
<status status="PASS" starttime="20230328 01:16:34.068" endtime="20230328 01:16:34.086"/>
</iter>
<iter>
<var name="${cell}">4</var>
<kw name="Get Element Attribute" library="SeleniumLibrary">
<var>${cell_class}</var>
<arg>xpath:/html/body/div[2]/div/div/div/div[2]/div[2]/div/div[4]/div/div/div/div[1]/div/div/div/div/ul/li/table/tbody/tr[${row}]/td[${cell}]</arg>
<arg>class</arg>
<doc>Returns the value of ``attribute`` from the element ``locator``.</doc>
<msg timestamp="20230328 01:16:34.098" level="INFO">${cell_class} = ea-icon ea-icon--star-filled staricon_blue</msg>
<status status="PASS" starttime="20230328 01:16:34.086" endtime="20230328 01:16:34.098"/>
</kw>
<if>
<branch type="IF" condition="'${cell_class}' == 'ea-icon ea-icon--star-filled staricon_blue'">
<kw name="Evaluate" library="BuiltIn">
<var>${rating}</var>
<arg>${rating} + 1</arg>
<doc>Evaluates the given expression in Python and returns the result.</doc>
<msg timestamp="20230328 01:16:34.098" level="INFO">${rating} = 3</msg>
<status status="PASS" starttime="20230328 01:16:34.098" endtime="20230328 01:16:34.098"/>
</kw>
<status status="PASS" starttime="20230328 01:16:34.098" endtime="20230328 01:16:34.098"/>
</branch>
<status status="PASS" starttime="20230328 01:16:34.098" endtime="20230328 01:16:34.098"/>
</if>
<status status="PASS" starttime="20230328 01:16:34.086" endtime="20230328 01:16:34.098"/>
</iter>
<status status="PASS" starttime="20230328 01:16:34.047" endtime="20230328 01:16:34.099"/>
</for>
<kw name="Get From List" library="Collections">
<var>${signal_type}</var>
<arg>${coverages}</arg>
<arg>${row-1}</arg>
<doc>Returns the value specified with an ``index`` from ``list``.</doc>
<msg timestamp="20230328 01:16:34.099" level="INFO">${signal_type} = &lt;selenium.webdriver.remote.webelement.WebElement (session="ec7bdd3d0df9dd9f085f537b7f4b495b", element="6203560a-908a-463d-a356-7702c78361b4")&gt;</msg>
<status status="PASS" starttime="20230328 01:16:34.099" endtime="20230328 01:16:34.099"/>
</kw>
<kw name="Get Text" library="SeleniumLibrary">
<var>${signal_type_text}</var>
<arg>${signal_type}</arg>
<doc>Returns the text value of the element identified by ``locator``.</doc>
<msg timestamp="20230328 01:16:34.106" level="INFO">${signal_type_text} = 2G         </msg>
<status status="PASS" starttime="20230328 01:16:34.099" endtime="20230328 01:16:34.106"/>
</kw>
<kw name="Log" library="BuiltIn">
<arg>${signal_type_text} signal strength at ${ADDRESS}: ${rating}/3</arg>
<doc>Logs the given message with the given level.</doc>
<msg timestamp="20230328 01:16:34.107" level="INFO">2G          signal strength at Ratavartijankatu 5, Helsinki: 3/3</msg>
<status status="PASS" starttime="20230328 01:16:34.106" endtime="20230328 01:16:34.107"/>
</kw>
<status status="PASS" starttime="20230328 01:16:34.046" endtime="20230328 01:16:34.107"/>
</iter>
<iter>
<var name="${row}">2</var>
<kw name="Set Variable" library="BuiltIn">
<var>${rating}</var>
<arg>0</arg>
<doc>Returns the given values which can then be assigned to a variables.</doc>
<msg timestamp="20230328 01:16:34.107" level="INFO">${rating} = 0</msg>
<status status="PASS" starttime="20230328 01:16:34.107" endtime="20230328 01:16:34.107"/>
</kw>
<for flavor="IN RANGE">
<var>${cell}</var>
<value>2</value>
<value>5</value>
<iter>
<var name="${cell}">2</var>
<kw name="Get Element Attribute" library="SeleniumLibrary">
<var>${cell_class}</var>
<arg>xpath:/html/body/div[2]/div/div/div/div[2]/div[2]/div/div[4]/div/div/div/div[1]/div/div/div/div/ul/li/table/tbody/tr[${row}]/td[${cell}]</arg>
<arg>class</arg>
<doc>Returns the value of ``attribute`` from the element ``locator``.</doc>
<msg timestamp="20230328 01:16:34.117" level="INFO">${cell_class} = ea-icon ea-icon--star-filled staricon_blue</msg>
<status status="PASS" starttime="20230328 01:16:34.108" endtime="20230328 01:16:34.117"/>
</kw>
<if>
<branch type="IF" condition="'${cell_class}' == 'ea-icon ea-icon--star-filled staricon_blue'">
<kw name="Evaluate" library="BuiltIn">
<var>${rating}</var>
<arg>${rating} + 1</arg>
<doc>Evaluates the given expression in Python and returns the result.</doc>
<msg timestamp="20230328 01:16:34.118" level="INFO">${rating} = 1</msg>
<status status="PASS" starttime="20230328 01:16:34.118" endtime="20230328 01:16:34.118"/>
</kw>
<status status="PASS" starttime="20230328 01:16:34.118" endtime="20230328 01:16:34.118"/>
</branch>
<status status="PASS" starttime="20230328 01:16:34.118" endtime="20230328 01:16:34.119"/>
</if>
<status status="PASS" starttime="20230328 01:16:34.107" endtime="20230328 01:16:34.119"/>
</iter>
<iter>
<var name="${cell}">3</var>
<kw name="Get Element Attribute" library="SeleniumLibrary">
<var>${cell_class}</var>
<arg>xpath:/html/body/div[2]/div/div/div/div[2]/div[2]/div/div[4]/div/div/div/div[1]/div/div/div/div/ul/li/table/tbody/tr[${row}]/td[${cell}]</arg>
<arg>class</arg>
<doc>Returns the value of ``attribute`` from the element ``locator``.</doc>
<msg timestamp="20230328 01:16:34.135" level="INFO">${cell_class} = ea-icon ea-icon--star-filled staricon_blue</msg>
<status status="PASS" starttime="20230328 01:16:34.119" endtime="20230328 01:16:34.135"/>
</kw>
<if>
<branch type="IF" condition="'${cell_class}' == 'ea-icon ea-icon--star-filled staricon_blue'">
<kw name="Evaluate" library="BuiltIn">
<var>${rating}</var>
<arg>${rating} + 1</arg>
<doc>Evaluates the given expression in Python and returns the result.</doc>
<msg timestamp="20230328 01:16:34.135" level="INFO">${rating} = 2</msg>
<status status="PASS" starttime="20230328 01:16:34.135" endtime="20230328 01:16:34.135"/>
</kw>
<status status="PASS" starttime="20230328 01:16:34.135" endtime="20230328 01:16:34.135"/>
</branch>
<status status="PASS" starttime="20230328 01:16:34.135" endtime="20230328 01:16:34.136"/>
</if>
<status status="PASS" starttime="20230328 01:16:34.119" endtime="20230328 01:16:34.136"/>
</iter>
<iter>
<var name="${cell}">4</var>
<kw name="Get Element Attribute" library="SeleniumLibrary">
<var>${cell_class}</var>
<arg>xpath:/html/body/div[2]/div/div/div/div[2]/div[2]/div/div[4]/div/div/div/div[1]/div/div/div/div/ul/li/table/tbody/tr[${row}]/td[${cell}]</arg>
<arg>class</arg>
<doc>Returns the value of ``attribute`` from the element ``locator``.</doc>
<msg timestamp="20230328 01:16:34.170" level="INFO">${cell_class} = ea-icon ea-icon--star-filled staricon_blue</msg>
<status status="PASS" starttime="20230328 01:16:34.136" endtime="20230328 01:16:34.170"/>
</kw>
<if>
<branch type="IF" condition="'${cell_class}' == 'ea-icon ea-icon--star-filled staricon_blue'">
<kw name="Evaluate" library="BuiltIn">
<var>${rating}</var>
<arg>${rating} + 1</arg>
<doc>Evaluates the given expression in Python and returns the result.</doc>
<msg timestamp="20230328 01:16:34.171" level="INFO">${rating} = 3</msg>
<status status="PASS" starttime="20230328 01:16:34.170" endtime="20230328 01:16:34.171"/>
</kw>
<status status="PASS" starttime="20230328 01:16:34.170" endtime="20230328 01:16:34.171"/>
</branch>
<status status="PASS" starttime="20230328 01:16:34.170" endtime="20230328 01:16:34.171"/>
</if>
<status status="PASS" starttime="20230328 01:16:34.136" endtime="20230328 01:16:34.171"/>
</iter>
<status status="PASS" starttime="20230328 01:16:34.107" endtime="20230328 01:16:34.171"/>
</for>
<kw name="Get From List" library="Collections">
<var>${signal_type}</var>
<arg>${coverages}</arg>
<arg>${row-1}</arg>
<doc>Returns the value specified with an ``index`` from ``list``.</doc>
<msg timestamp="20230328 01:16:34.171" level="INFO">${signal_type} = &lt;selenium.webdriver.remote.webelement.WebElement (session="ec7bdd3d0df9dd9f085f537b7f4b495b", element="0bb8b655-4451-4a4e-b310-96af5a920340")&gt;</msg>
<status status="PASS" starttime="20230328 01:16:34.171" endtime="20230328 01:16:34.172"/>
</kw>
<kw name="Get Text" library="SeleniumLibrary">
<var>${signal_type_text}</var>
<arg>${signal_type}</arg>
<doc>Returns the text value of the element identified by ``locator``.</doc>
<msg timestamp="20230328 01:16:34.180" level="INFO">${signal_type_text} = 3G         </msg>
<status status="PASS" starttime="20230328 01:16:34.172" endtime="20230328 01:16:34.180"/>
</kw>
<kw name="Log" library="BuiltIn">
<arg>${signal_type_text} signal strength at ${ADDRESS}: ${rating}/3</arg>
<doc>Logs the given message with the given level.</doc>
<msg timestamp="20230328 01:16:34.180" level="INFO">3G          signal strength at Ratavartijankatu 5, Helsinki: 3/3</msg>
<status status="PASS" starttime="20230328 01:16:34.180" endtime="20230328 01:16:34.180"/>
</kw>
<status status="PASS" starttime="20230328 01:16:34.107" endtime="20230328 01:16:34.180"/>
</iter>
<iter>
<var name="${row}">3</var>
<kw name="Set Variable" library="BuiltIn">
<var>${rating}</var>
<arg>0</arg>
<doc>Returns the given values which can then be assigned to a variables.</doc>
<msg timestamp="20230328 01:16:34.181" level="INFO">${rating} = 0</msg>
<status status="PASS" starttime="20230328 01:16:34.180" endtime="20230328 01:16:34.181"/>
</kw>
<for flavor="IN RANGE">
<var>${cell}</var>
<value>2</value>
<value>5</value>
<iter>
<var name="${cell}">2</var>
<kw name="Get Element Attribute" library="SeleniumLibrary">
<var>${cell_class}</var>
<arg>xpath:/html/body/div[2]/div/div/div/div[2]/div[2]/div/div[4]/div/div/div/div[1]/div/div/div/div/ul/li/table/tbody/tr[${row}]/td[${cell}]</arg>
<arg>class</arg>
<doc>Returns the value of ``attribute`` from the element ``locator``.</doc>
<msg timestamp="20230328 01:16:34.192" level="INFO">${cell_class} = ea-icon ea-icon--star-filled staricon_blue</msg>
<status status="PASS" starttime="20230328 01:16:34.181" endtime="20230328 01:16:34.192"/>
</kw>
<if>
<branch type="IF" condition="'${cell_class}' == 'ea-icon ea-icon--star-filled staricon_blue'">
<kw name="Evaluate" library="BuiltIn">
<var>${rating}</var>
<arg>${rating} + 1</arg>
<doc>Evaluates the given expression in Python and returns the result.</doc>
<msg timestamp="20230328 01:16:34.192" level="INFO">${rating} = 1</msg>
<status status="PASS" starttime="20230328 01:16:34.192" endtime="20230328 01:16:34.192"/>
</kw>
<status status="PASS" starttime="20230328 01:16:34.192" endtime="20230328 01:16:34.192"/>
</branch>
<status status="PASS" starttime="20230328 01:16:34.192" endtime="20230328 01:16:34.193"/>
</if>
<status status="PASS" starttime="20230328 01:16:34.181" endtime="20230328 01:16:34.193"/>
</iter>
<iter>
<var name="${cell}">3</var>
<kw name="Get Element Attribute" library="SeleniumLibrary">
<var>${cell_class}</var>
<arg>xpath:/html/body/div[2]/div/div/div/div[2]/div[2]/div/div[4]/div/div/div/div[1]/div/div/div/div/ul/li/table/tbody/tr[${row}]/td[${cell}]</arg>
<arg>class</arg>
<doc>Returns the value of ``attribute`` from the element ``locator``.</doc>
<msg timestamp="20230328 01:16:34.202" level="INFO">${cell_class} = ea-icon ea-icon--star-filled staricon_blue</msg>
<status status="PASS" starttime="20230328 01:16:34.193" endtime="20230328 01:16:34.202"/>
</kw>
<if>
<branch type="IF" condition="'${cell_class}' == 'ea-icon ea-icon--star-filled staricon_blue'">
<kw name="Evaluate" library="BuiltIn">
<var>${rating}</var>
<arg>${rating} + 1</arg>
<doc>Evaluates the given expression in Python and returns the result.</doc>
<msg timestamp="20230328 01:16:34.203" level="INFO">${rating} = 2</msg>
<status status="PASS" starttime="20230328 01:16:34.203" endtime="20230328 01:16:34.203"/>
</kw>
<status status="PASS" starttime="20230328 01:16:34.203" endtime="20230328 01:16:34.203"/>
</branch>
<status status="PASS" starttime="20230328 01:16:34.203" endtime="20230328 01:16:34.203"/>
</if>
<status status="PASS" starttime="20230328 01:16:34.193" endtime="20230328 01:16:34.203"/>
</iter>
<iter>
<var name="${cell}">4</var>
<kw name="Get Element Attribute" library="SeleniumLibrary">
<var>${cell_class}</var>
<arg>xpath:/html/body/div[2]/div/div/div/div[2]/div[2]/div/div[4]/div/div/div/div[1]/div/div/div/div/ul/li/table/tbody/tr[${row}]/td[${cell}]</arg>
<arg>class</arg>
<doc>Returns the value of ``attribute`` from the element ``locator``.</doc>
<msg timestamp="20230328 01:16:34.215" level="INFO">${cell_class} = ea-icon ea-icon--star-filled staricon_blue</msg>
<status status="PASS" starttime="20230328 01:16:34.203" endtime="20230328 01:16:34.215"/>
</kw>
<if>
<branch type="IF" condition="'${cell_class}' == 'ea-icon ea-icon--star-filled staricon_blue'">
<kw name="Evaluate" library="BuiltIn">
<var>${rating}</var>
<arg>${rating} + 1</arg>
<doc>Evaluates the given expression in Python and returns the result.</doc>
<msg timestamp="20230328 01:16:34.216" level="INFO">${rating} = 3</msg>
<status status="PASS" starttime="20230328 01:16:34.215" endtime="20230328 01:16:34.216"/>
</kw>
<status status="PASS" starttime="20230328 01:16:34.215" endtime="20230328 01:16:34.216"/>
</branch>
<status status="PASS" starttime="20230328 01:16:34.215" endtime="20230328 01:16:34.216"/>
</if>
<status status="PASS" starttime="20230328 01:16:34.203" endtime="20230328 01:16:34.216"/>
</iter>
<status status="PASS" starttime="20230328 01:16:34.181" endtime="20230328 01:16:34.216"/>
</for>
<kw name="Get From List" library="Collections">
<var>${signal_type}</var>
<arg>${coverages}</arg>
<arg>${row-1}</arg>
<doc>Returns the value specified with an ``index`` from ``list``.</doc>
<msg timestamp="20230328 01:16:34.217" level="INFO">${signal_type} = &lt;selenium.webdriver.remote.webelement.WebElement (session="ec7bdd3d0df9dd9f085f537b7f4b495b", element="a0afbc64-dcff-4b44-898b-11d45a5b7883")&gt;</msg>
<status status="PASS" starttime="20230328 01:16:34.216" endtime="20230328 01:16:34.217"/>
</kw>
<kw name="Get Text" library="SeleniumLibrary">
<var>${signal_type_text}</var>
<arg>${signal_type}</arg>
<doc>Returns the text value of the element identified by ``locator``.</doc>
<msg timestamp="20230328 01:16:34.225" level="INFO">${signal_type_text} = 4G max 100M   </msg>
<status status="PASS" starttime="20230328 01:16:34.217" endtime="20230328 01:16:34.225"/>
</kw>
<kw name="Log" library="BuiltIn">
<arg>${signal_type_text} signal strength at ${ADDRESS}: ${rating}/3</arg>
<doc>Logs the given message with the given level.</doc>
<msg timestamp="20230328 01:16:34.225" level="INFO">4G max 100M    signal strength at Ratavartijankatu 5, Helsinki: 3/3</msg>
<status status="PASS" starttime="20230328 01:16:34.225" endtime="20230328 01:16:34.225"/>
</kw>
<status status="PASS" starttime="20230328 01:16:34.180" endtime="20230328 01:16:34.226"/>
</iter>
<iter>
<var name="${row}">4</var>
<kw name="Set Variable" library="BuiltIn">
<var>${rating}</var>
<arg>0</arg>
<doc>Returns the given values which can then be assigned to a variables.</doc>
<msg timestamp="20230328 01:16:34.226" level="INFO">${rating} = 0</msg>
<status status="PASS" starttime="20230328 01:16:34.226" endtime="20230328 01:16:34.226"/>
</kw>
<for flavor="IN RANGE">
<var>${cell}</var>
<value>2</value>
<value>5</value>
<iter>
<var name="${cell}">2</var>
<kw name="Get Element Attribute" library="SeleniumLibrary">
<var>${cell_class}</var>
<arg>xpath:/html/body/div[2]/div/div/div/div[2]/div[2]/div/div[4]/div/div/div/div[1]/div/div/div/div/ul/li/table/tbody/tr[${row}]/td[${cell}]</arg>
<arg>class</arg>
<doc>Returns the value of ``attribute`` from the element ``locator``.</doc>
<msg timestamp="20230328 01:16:34.237" level="INFO">${cell_class} = ea-icon ea-icon--star-filled staricon_blue</msg>
<status status="PASS" starttime="20230328 01:16:34.226" endtime="20230328 01:16:34.237"/>
</kw>
<if>
<branch type="IF" condition="'${cell_class}' == 'ea-icon ea-icon--star-filled staricon_blue'">
<kw name="Evaluate" library="BuiltIn">
<var>${rating}</var>
<arg>${rating} + 1</arg>
<doc>Evaluates the given expression in Python and returns the result.</doc>
<msg timestamp="20230328 01:16:34.237" level="INFO">${rating} = 1</msg>
<status status="PASS" starttime="20230328 01:16:34.237" endtime="20230328 01:16:34.237"/>
</kw>
<status status="PASS" starttime="20230328 01:16:34.237" endtime="20230328 01:16:34.237"/>
</branch>
<status status="PASS" starttime="20230328 01:16:34.237" endtime="20230328 01:16:34.238"/>
</if>
<status status="PASS" starttime="20230328 01:16:34.226" endtime="20230328 01:16:34.238"/>
</iter>
<iter>
<var name="${cell}">3</var>
<kw name="Get Element Attribute" library="SeleniumLibrary">
<var>${cell_class}</var>
<arg>xpath:/html/body/div[2]/div/div/div/div[2]/div[2]/div/div[4]/div/div/div/div[1]/div/div/div/div/ul/li/table/tbody/tr[${row}]/td[${cell}]</arg>
<arg>class</arg>
<doc>Returns the value of ``attribute`` from the element ``locator``.</doc>
<msg timestamp="20230328 01:16:34.249" level="INFO">${cell_class} = ea-icon ea-icon--star-filled staricon_blue</msg>
<status status="PASS" starttime="20230328 01:16:34.238" endtime="20230328 01:16:34.249"/>
</kw>
<if>
<branch type="IF" condition="'${cell_class}' == 'ea-icon ea-icon--star-filled staricon_blue'">
<kw name="Evaluate" library="BuiltIn">
<var>${rating}</var>
<arg>${rating} + 1</arg>
<doc>Evaluates the given expression in Python and returns the result.</doc>
<msg timestamp="20230328 01:16:34.250" level="INFO">${rating} = 2</msg>
<status status="PASS" starttime="20230328 01:16:34.249" endtime="20230328 01:16:34.250"/>
</kw>
<status status="PASS" starttime="20230328 01:16:34.249" endtime="20230328 01:16:34.250"/>
</branch>
<status status="PASS" starttime="20230328 01:16:34.249" endtime="20230328 01:16:34.250"/>
</if>
<status status="PASS" starttime="20230328 01:16:34.238" endtime="20230328 01:16:34.250"/>
</iter>
<iter>
<var name="${cell}">4</var>
<kw name="Get Element Attribute" library="SeleniumLibrary">
<var>${cell_class}</var>
<arg>xpath:/html/body/div[2]/div/div/div/div[2]/div[2]/div/div[4]/div/div/div/div[1]/div/div/div/div/ul/li/table/tbody/tr[${row}]/td[${cell}]</arg>
<arg>class</arg>
<doc>Returns the value of ``attribute`` from the element ``locator``.</doc>
<msg timestamp="20230328 01:16:34.262" level="INFO">${cell_class} = ea-icon ea-icon--star ea-icon--star-filled staricon_grey</msg>
<status status="PASS" starttime="20230328 01:16:34.250" endtime="20230328 01:16:34.262"/>
</kw>
<if>
<branch type="IF" condition="'${cell_class}' == 'ea-icon ea-icon--star-filled staricon_blue'">
<kw name="Evaluate" library="BuiltIn">
<var>${rating}</var>
<arg>${rating} + 1</arg>
<doc>Evaluates the given expression in Python and returns the result.</doc>
<status status="NOT RUN" starttime="20230328 01:16:34.262" endtime="20230328 01:16:34.262"/>
</kw>
<status status="NOT RUN" starttime="20230328 01:16:34.262" endtime="20230328 01:16:34.263"/>
</branch>
<status status="PASS" starttime="20230328 01:16:34.262" endtime="20230328 01:16:34.263"/>
</if>
<status status="PASS" starttime="20230328 01:16:34.250" endtime="20230328 01:16:34.263"/>
</iter>
<status status="PASS" starttime="20230328 01:16:34.226" endtime="20230328 01:16:34.263"/>
</for>
<kw name="Get From List" library="Collections">
<var>${signal_type}</var>
<arg>${coverages}</arg>
<arg>${row-1}</arg>
<doc>Returns the value specified with an ``index`` from ``list``.</doc>
<msg timestamp="20230328 01:16:34.264" level="INFO">${signal_type} = &lt;selenium.webdriver.remote.webelement.WebElement (session="ec7bdd3d0df9dd9f085f537b7f4b495b", element="d5ff3b90-aa43-425e-9421-ae1a8fcb1aef")&gt;</msg>
<status status="PASS" starttime="20230328 01:16:34.263" endtime="20230328 01:16:34.264"/>
</kw>
<kw name="Get Text" library="SeleniumLibrary">
<var>${signal_type_text}</var>
<arg>${signal_type}</arg>
<doc>Returns the text value of the element identified by ``locator``.</doc>
<msg timestamp="20230328 01:16:34.271" level="INFO">${signal_type_text} = 4G max 300M   </msg>
<status status="PASS" starttime="20230328 01:16:34.264" endtime="20230328 01:16:34.271"/>
</kw>
<kw name="Log" library="BuiltIn">
<arg>${signal_type_text} signal strength at ${ADDRESS}: ${rating}/3</arg>
<doc>Logs the given message with the given level.</doc>
<msg timestamp="20230328 01:16:34.271" level="INFO">4G max 300M    signal strength at Ratavartijankatu 5, Helsinki: 2/3</msg>
<status status="PASS" starttime="20230328 01:16:34.271" endtime="20230328 01:16:34.271"/>
</kw>
<status status="PASS" starttime="20230328 01:16:34.226" endtime="20230328 01:16:34.271"/>
</iter>
<iter>
<var name="${row}">5</var>
<kw name="Set Variable" library="BuiltIn">
<var>${rating}</var>
<arg>0</arg>
<doc>Returns the given values which can then be assigned to a variables.</doc>
<msg timestamp="20230328 01:16:34.272" level="INFO">${rating} = 0</msg>
<status status="PASS" starttime="20230328 01:16:34.272" endtime="20230328 01:16:34.272"/>
</kw>
<for flavor="IN RANGE">
<var>${cell}</var>
<value>2</value>
<value>5</value>
<iter>
<var name="${cell}">2</var>
<kw name="Get Element Attribute" library="SeleniumLibrary">
<var>${cell_class}</var>
<arg>xpath:/html/body/div[2]/div/div/div/div[2]/div[2]/div/div[4]/div/div/div/div[1]/div/div/div/div/ul/li/table/tbody/tr[${row}]/td[${cell}]</arg>
<arg>class</arg>
<doc>Returns the value of ``attribute`` from the element ``locator``.</doc>
<msg timestamp="20230328 01:16:34.282" level="INFO">${cell_class} = ea-icon ea-icon--star-filled staricon_blue</msg>
<status status="PASS" starttime="20230328 01:16:34.272" endtime="20230328 01:16:34.282"/>
</kw>
<if>
<branch type="IF" condition="'${cell_class}' == 'ea-icon ea-icon--star-filled staricon_blue'">
<kw name="Evaluate" library="BuiltIn">
<var>${rating}</var>
<arg>${rating} + 1</arg>
<doc>Evaluates the given expression in Python and returns the result.</doc>
<msg timestamp="20230328 01:16:34.283" level="INFO">${rating} = 1</msg>
<status status="PASS" starttime="20230328 01:16:34.283" endtime="20230328 01:16:34.283"/>
</kw>
<status status="PASS" starttime="20230328 01:16:34.283" endtime="20230328 01:16:34.283"/>
</branch>
<status status="PASS" starttime="20230328 01:16:34.283" endtime="20230328 01:16:34.283"/>
</if>
<status status="PASS" starttime="20230328 01:16:34.272" endtime="20230328 01:16:34.283"/>
</iter>
<iter>
<var name="${cell}">3</var>
<kw name="Get Element Attribute" library="SeleniumLibrary">
<var>${cell_class}</var>
<arg>xpath:/html/body/div[2]/div/div/div/div[2]/div[2]/div/div[4]/div/div/div/div[1]/div/div/div/div/ul/li/table/tbody/tr[${row}]/td[${cell}]</arg>
<arg>class</arg>
<doc>Returns the value of ``attribute`` from the element ``locator``.</doc>
<msg timestamp="20230328 01:16:34.294" level="INFO">${cell_class} = ea-icon ea-icon--star-filled staricon_blue</msg>
<status status="PASS" starttime="20230328 01:16:34.283" endtime="20230328 01:16:34.294"/>
</kw>
<if>
<branch type="IF" condition="'${cell_class}' == 'ea-icon ea-icon--star-filled staricon_blue'">
<kw name="Evaluate" library="BuiltIn">
<var>${rating}</var>
<arg>${rating} + 1</arg>
<doc>Evaluates the given expression in Python and returns the result.</doc>
<msg timestamp="20230328 01:16:34.294" level="INFO">${rating} = 2</msg>
<status status="PASS" starttime="20230328 01:16:34.294" endtime="20230328 01:16:34.294"/>
</kw>
<status status="PASS" starttime="20230328 01:16:34.294" endtime="20230328 01:16:34.295"/>
</branch>
<status status="PASS" starttime="20230328 01:16:34.294" endtime="20230328 01:16:34.295"/>
</if>
<status status="PASS" starttime="20230328 01:16:34.283" endtime="20230328 01:16:34.295"/>
</iter>
<iter>
<var name="${cell}">4</var>
<kw name="Get Element Attribute" library="SeleniumLibrary">
<var>${cell_class}</var>
<arg>xpath:/html/body/div[2]/div/div/div/div[2]/div[2]/div/div[4]/div/div/div/div[1]/div/div/div/div/ul/li/table/tbody/tr[${row}]/td[${cell}]</arg>
<arg>class</arg>
<doc>Returns the value of ``attribute`` from the element ``locator``.</doc>
<msg timestamp="20230328 01:16:34.305" level="INFO">${cell_class} = ea-icon ea-icon--star-filled staricon_blue</msg>
<status status="PASS" starttime="20230328 01:16:34.295" endtime="20230328 01:16:34.305"/>
</kw>
<if>
<branch type="IF" condition="'${cell_class}' == 'ea-icon ea-icon--star-filled staricon_blue'">
<kw name="Evaluate" library="BuiltIn">
<var>${rating}</var>
<arg>${rating} + 1</arg>
<doc>Evaluates the given expression in Python and returns the result.</doc>
<msg timestamp="20230328 01:16:34.306" level="INFO">${rating} = 3</msg>
<status status="PASS" starttime="20230328 01:16:34.305" endtime="20230328 01:16:34.306"/>
</kw>
<status status="PASS" starttime="20230328 01:16:34.305" endtime="20230328 01:16:34.306"/>
</branch>
<status status="PASS" starttime="20230328 01:16:34.305" endtime="20230328 01:16:34.306"/>
</if>
<status status="PASS" starttime="20230328 01:16:34.295" endtime="20230328 01:16:34.306"/>
</iter>
<status status="PASS" starttime="20230328 01:16:34.272" endtime="20230328 01:16:34.306"/>
</for>
<kw name="Get From List" library="Collections">
<var>${signal_type}</var>
<arg>${coverages}</arg>
<arg>${row-1}</arg>
<doc>Returns the value specified with an ``index`` from ``list``.</doc>
<msg timestamp="20230328 01:16:34.306" level="INFO">${signal_type} = &lt;selenium.webdriver.remote.webelement.WebElement (session="ec7bdd3d0df9dd9f085f537b7f4b495b", element="b4a39a3c-53e4-4edf-b9ee-51d811117209")&gt;</msg>
<status status="PASS" starttime="20230328 01:16:34.306" endtime="20230328 01:16:34.306"/>
</kw>
<kw name="Get Text" library="SeleniumLibrary">
<var>${signal_type_text}</var>
<arg>${signal_type}</arg>
<doc>Returns the text value of the element identified by ``locator``.</doc>
<msg timestamp="20230328 01:16:34.315" level="INFO">${signal_type_text} = 5G         </msg>
<status status="PASS" starttime="20230328 01:16:34.307" endtime="20230328 01:16:34.315"/>
</kw>
<kw name="Log" library="BuiltIn">
<arg>${signal_type_text} signal strength at ${ADDRESS}: ${rating}/3</arg>
<doc>Logs the given message with the given level.</doc>
<msg timestamp="20230328 01:16:34.315" level="INFO">5G          signal strength at Ratavartijankatu 5, Helsinki: 3/3</msg>
<status status="PASS" starttime="20230328 01:16:34.315" endtime="20230328 01:16:34.315"/>
</kw>
<status status="PASS" starttime="20230328 01:16:34.271" endtime="20230328 01:16:34.316"/>
</iter>
<status status="PASS" starttime="20230328 01:16:34.045" endtime="20230328 01:16:34.316"/>
</for>
<status status="PASS" starttime="20230328 01:16:33.520" endtime="20230328 01:16:34.316"/>
</kw>
<status status="PASS" starttime="20230328 01:16:31.756" endtime="20230328 01:16:34.316"/>
</test>
<status status="PASS" starttime="20230328 01:16:31.624" endtime="20230328 01:16:34.317"/>
</suite>
<statistics>
<total>
<stat pass="1" fail="0" skip="0">All Tests</stat>
</total>
<tag>
</tag>
<suite>
<stat pass="1" fail="0" skip="0" id="s1" name="Test">Test</stat>
</suite>
</statistics>
<errors>
</errors>
</robot>
